Started GET "/users" for ::1 at 2019-11-11 17:28:15 -0500
  [1m[35m (2.5ms)[0m  [1m[34mSELECT sqlite_version(*)[0m
  [1m[35m (0.6ms)[0m  [1m[34mSELECT "schema_migrations"."version" FROM "schema_migrations" ORDER BY "schema_migrations"."version" ASC[0m
  
AbstractController::ActionNotFound (The action 'index' could not be found for UsersController):
  
actionpack (6.0.1) lib/abstract_controller/base.rb:131:in `process'
actionview (6.0.1) lib/action_view/rendering.rb:39:in `process'
actionpack (6.0.1) lib/action_controller/metal.rb:191:in `dispatch'
actionpack (6.0.1) lib/action_controller/metal.rb:252:in `dispatch'
actionpack (6.0.1) lib/action_dispatch/routing/route_set.rb:51:in `dispatch'
actionpack (6.0.1) lib/action_dispatch/routing/route_set.rb:33:in `serve'
actionpack (6.0.1) lib/action_dispatch/journey/router.rb:49:in `block in serve'
actionpack (6.0.1) lib/action_dispatch/journey/router.rb:32:in `each'
actionpack (6.0.1) lib/action_dispatch/journey/router.rb:32:in `serve'
actionpack (6.0.1) lib/action_dispatch/routing/route_set.rb:837:in `call'
rack (2.0.7) lib/rack/tempfile_reaper.rb:15:in `call'
rack (2.0.7) lib/rack/etag.rb:25:in `call'
rack (2.0.7) lib/rack/conditional_get.rb:25:in `call'
rack (2.0.7) lib/rack/head.rb:12:in `call'
actionpack (6.0.1) lib/action_dispatch/http/content_security_policy.rb:18:in `call'
rack (2.0.7) lib/rack/session/abstract/id.rb:232:in `context'
rack (2.0.7) lib/rack/session/abstract/id.rb:226:in `call'
actionpack (6.0.1) lib/action_dispatch/middleware/cookies.rb:648:in `call'
activerecord (6.0.1) lib/active_record/migration.rb:567:in `call'
actionpack (6.0.1) lib/action_dispatch/middleware/callbacks.rb:27:in `block in call'
activesupport (6.0.1) lib/active_support/callbacks.rb:101:in `run_callbacks'
actionpack (6.0.1) lib/action_dispatch/middleware/callbacks.rb:26:in `call'
actionpack (6.0.1) lib/action_dispatch/middleware/executor.rb:14:in `call'
actionpack (6.0.1) lib/action_dispatch/middleware/actionable_exceptions.rb:17:in `call'
actionpack (6.0.1) lib/action_dispatch/middleware/debug_exceptions.rb:32:in `call'
web-console (4.0.1) lib/web_console/middleware.rb:132:in `call_app'
web-console (4.0.1) lib/web_console/middleware.rb:28:in `block in call'
web-console (4.0.1) lib/web_console/middleware.rb:17:in `catch'
web-console (4.0.1) lib/web_console/middleware.rb:17:in `call'
actionpack (6.0.1) lib/action_dispatch/middleware/show_exceptions.rb:33:in `call'
railties (6.0.1) lib/rails/rack/logger.rb:38:in `call_app'
railties (6.0.1) lib/rails/rack/logger.rb:26:in `block in call'
activesupport (6.0.1) lib/active_support/tagged_logging.rb:80:in `block in tagged'
activesupport (6.0.1) lib/active_support/tagged_logging.rb:28:in `tagged'
activesupport (6.0.1) lib/active_support/tagged_logging.rb:80:in `tagged'
railties (6.0.1) lib/rails/rack/logger.rb:26:in `call'
sprockets-rails (3.2.1) lib/sprockets/rails/quiet_assets.rb:13:in `call'
actionpack (6.0.1) lib/action_dispatch/middleware/remote_ip.rb:81:in `call'
actionpack (6.0.1) lib/action_dispatch/middleware/request_id.rb:27:in `call'
rack (2.0.7) lib/rack/method_override.rb:22:in `call'
rack (2.0.7) lib/rack/runtime.rb:22:in `call'
activesupport (6.0.1) lib/active_support/cache/strategy/local_cache_middleware.rb:29:in `call'
actionpack (6.0.1) lib/action_dispatch/middleware/executor.rb:14:in `call'
actionpack (6.0.1) lib/action_dispatch/middleware/static.rb:126:in `call'
rack (2.0.7) lib/rack/sendfile.rb:111:in `call'
actionpack (6.0.1) lib/action_dispatch/middleware/host_authorization.rb:83:in `call'
webpacker (4.0.7) lib/webpacker/dev_server_proxy.rb:29:in `perform_request'
rack-proxy (0.6.5) lib/rack/proxy.rb:57:in `call'
railties (6.0.1) lib/rails/engine.rb:526:in `call'
puma (4.3.0) lib/puma/configuration.rb:228:in `call'
puma (4.3.0) lib/puma/server.rb:667:in `handle_request'
puma (4.3.0) lib/puma/server.rb:470:in `process_client'
puma (4.3.0) lib/puma/server.rb:328:in `block in run'
puma (4.3.0) lib/puma/thread_pool.rb:134:in `block in spawn_thread'
Started GET "/users/new" for ::1 at 2019-11-11 17:28:34 -0500
Processing by UsersController#new as HTML
  Rendering users/new.html.erb within layouts/application
  Rendered users/new.html.erb within layouts/application (Duration: 20.5ms | Allocations: 3533)
Completed 200 OK in 155ms (Views: 103.0ms | ActiveRecord: 1.6ms | Allocations: 32018)


Started GET "/users/1" for ::1 at 2019-11-11 17:29:33 -0500
Processing by UsersController#show as HTML
  Parameters: {"id"=>"1"}
  Rendering users/show.html.erb within layouts/application
  Rendered users/show.html.erb within layouts/application (Duration: 0.8ms | Allocations: 74)
Completed 200 OK in 67ms (Views: 65.4ms | ActiveRecord: 0.0ms | Allocations: 4541)


Started GET "/users/2" for ::1 at 2019-11-11 17:29:36 -0500
Processing by UsersController#show as HTML
  Parameters: {"id"=>"2"}
  Rendering users/show.html.erb within layouts/application
  Rendered users/show.html.erb within layouts/application (Duration: 0.1ms | Allocations: 5)
Completed 200 OK in 24ms (Views: 22.8ms | ActiveRecord: 0.0ms | Allocations: 4356)


Started GET "/users/3" for ::1 at 2019-11-11 17:29:42 -0500
Processing by UsersController#show as HTML
  Parameters: {"id"=>"3"}
  Rendering users/show.html.erb within layouts/application
  Rendered users/show.html.erb within layouts/application (Duration: 0.1ms | Allocations: 4)
Completed 200 OK in 24ms (Views: 21.9ms | ActiveRecord: 0.0ms | Allocations: 4350)


Started GET "/posts/new" for ::1 at 2019-11-11 17:29:50 -0500
Processing by PostsController#new as HTML
  Rendering posts/new.html.erb within layouts/application
  Rendered posts/_form.html.erb (Duration: 3.2ms | Allocations: 731)
  Rendered posts/new.html.erb within layouts/application (Duration: 4.7ms | Allocations: 1034)
Completed 200 OK in 65ms (Views: 14.5ms | ActiveRecord: 9.3ms | Allocations: 11331)


Started GET "/posts/lol" for ::1 at 2019-11-11 17:29:59 -0500
Processing by PostsController#show as HTML
  Parameters: {"id"=>"lol"}
  [1m[36mPost Load (0.2ms)[0m  [1m[34mSELECT "posts".* FROM "posts" WHERE "posts"."id" = ? LIMIT ?[0m  [["id", nil], ["LIMIT", 1]]
  ↳ app/controllers/posts_controller.rb:12:in `show'
Completed 404 Not Found in 8ms (ActiveRecord: 0.2ms | Allocations: 1850)


  
ActiveRecord::RecordNotFound (Couldn't find Post with 'id'=lol):
  
app/controllers/posts_controller.rb:12:in `show'
Started GET "/posts/new" for ::1 at 2019-11-11 17:30:07 -0500
Processing by PostsController#new as HTML
  Rendering posts/new.html.erb within layouts/application
  Rendered posts/_form.html.erb (Duration: 1.5ms | Allocations: 413)
  Rendered posts/new.html.erb within layouts/application (Duration: 1.9ms | Allocations: 476)
Completed 200 OK in 29ms (Views: 27.0ms | ActiveRecord: 0.0ms | Allocations: 4859)


Started POST "/posts" for ::1 at 2019-11-11 17:30:24 -0500
Processing by PostsController#create as HTML
  Parameters: {"authenticity_token"=>"XP4JIObGUICR+4ddczUjHsyqqTM3c+53WKUknVEsLy3zVqmol9x1rHWS9W/ZoWiNaxwOC/8YFfvCdR4rOpD2og==", "post"=>{"content"=>"Hello"}, "commit"=>"Create Post"}
Completed 500 Internal Server Error in 11ms (ActiveRecord: 0.0ms | Allocations: 3181)


  
ActionController::UrlGenerationError (No route matches {:action=>"show", :controller=>"posts", :id=>nil}, missing required keys: [:id]):
  
app/controllers/posts_controller.rb:8:in `create'
Started GET "/" for ::1 at 2019-11-11 17:33:08 -0500
Processing by ApplicationController#home as HTML
  Rendering application/home.html.erb within layouts/application
  Rendered application/home.html.erb within layouts/application (Duration: 0.7ms | Allocations: 117)
Completed 200 OK in 33ms (Views: 31.3ms | ActiveRecord: 0.0ms | Allocations: 5181)


Started GET "/posts/new" for ::1 at 2019-11-11 17:33:14 -0500
Processing by PostsController#new as HTML
  Rendering posts/new.html.erb within layouts/application
  [1m[36mUser Load (1.1ms)[0m  [1m[34mSELECT "users".* FROM "users"[0m
  ↳ app/views/posts/_form.html.erb:2
  Rendered posts/_form.html.erb (Duration: 38.5ms | Allocations: 4138)
  Rendered posts/new.html.erb within layouts/application (Duration: 41.8ms | Allocations: 4434)
Completed 200 OK in 89ms (Views: 86.0ms | ActiveRecord: 1.1ms | Allocations: 9328)


Started GET "/posts/new" for ::1 at 2019-11-11 17:35:31 -0500
Processing by PostsController#new as HTML
  Rendering posts/new.html.erb within layouts/application
  [1m[36mUser Load (0.3ms)[0m  [1m[34mSELECT "users".* FROM "users"[0m
  ↳ app/views/posts/_form.html.erb:2
  Rendered posts/_form.html.erb (Duration: 10.7ms | Allocations: 1449)
  Rendered posts/new.html.erb within layouts/application (Duration: 12.9ms | Allocations: 1743)
Completed 200 OK in 43ms (Views: 36.7ms | ActiveRecord: 0.3ms | Allocations: 7140)


Started GET "/posts/new" for ::1 at 2019-11-11 17:35:31 -0500
Processing by PostsController#new as HTML
  Rendering posts/new.html.erb within layouts/application
  [1m[36mUser Load (0.2ms)[0m  [1m[34mSELECT "users".* FROM "users"[0m
  ↳ app/views/posts/_form.html.erb:2
  Rendered posts/_form.html.erb (Duration: 4.5ms | Allocations: 1273)
  Rendered posts/new.html.erb within layouts/application (Duration: 5.0ms | Allocations: 1336)
Completed 200 OK in 24ms (Views: 21.9ms | ActiveRecord: 0.2ms | Allocations: 5709)


Started GET "/posts/new" for ::1 at 2019-11-11 17:35:31 -0500
Processing by PostsController#new as HTML
  Rendering posts/new.html.erb within layouts/application
  [1m[36mUser Load (0.2ms)[0m  [1m[34mSELECT "users".* FROM "users"[0m
  ↳ app/views/posts/_form.html.erb:2
  Rendered posts/_form.html.erb (Duration: 2.9ms | Allocations: 1264)
  Rendered posts/new.html.erb within layouts/application (Duration: 3.3ms | Allocations: 1327)
Completed 200 OK in 17ms (Views: 15.9ms | ActiveRecord: 0.2ms | Allocations: 5703)


Started GET "/posts/new" for ::1 at 2019-11-11 17:35:32 -0500
Processing by PostsController#new as HTML
  Rendering posts/new.html.erb within layouts/application
  [1m[36mUser Load (0.2ms)[0m  [1m[34mSELECT "users".* FROM "users"[0m
  ↳ app/views/posts/_form.html.erb:2
  Rendered posts/_form.html.erb (Duration: 3.2ms | Allocations: 1264)
  Rendered posts/new.html.erb within layouts/application (Duration: 3.5ms | Allocations: 1327)
Completed 200 OK in 28ms (Views: 26.3ms | ActiveRecord: 0.2ms | Allocations: 5706)


Started GET "/posts/new" for ::1 at 2019-11-11 17:35:46 -0500
Processing by PostsController#new as HTML
  Rendering posts/new.html.erb within layouts/application
  [1m[36mUser Load (0.2ms)[0m  [1m[34mSELECT "users".* FROM "users"[0m
  ↳ app/views/posts/_form.html.erb:2
  Rendered posts/_form.html.erb (Duration: 6.8ms | Allocations: 1441)
  Rendered posts/new.html.erb within layouts/application (Duration: 10.4ms | Allocations: 1735)
Completed 200 OK in 38ms (Views: 33.0ms | ActiveRecord: 0.2ms | Allocations: 7121)


Started GET "/posts/new" for ::1 at 2019-11-11 17:35:47 -0500
Processing by PostsController#new as HTML
  Rendering posts/new.html.erb within layouts/application
  [1m[36mUser Load (0.2ms)[0m  [1m[34mSELECT "users".* FROM "users"[0m
  ↳ app/views/posts/_form.html.erb:2
  Rendered posts/_form.html.erb (Duration: 2.5ms | Allocations: 1270)
  Rendered posts/new.html.erb within layouts/application (Duration: 2.7ms | Allocations: 1333)
Completed 200 OK in 20ms (Views: 18.1ms | ActiveRecord: 0.2ms | Allocations: 5710)


Started GET "/posts/new" for ::1 at 2019-11-11 17:35:47 -0500
Processing by PostsController#new as HTML
  Rendering posts/new.html.erb within layouts/application
  [1m[36mUser Load (0.3ms)[0m  [1m[34mSELECT "users".* FROM "users"[0m
  ↳ app/views/posts/_form.html.erb:2
  Rendered posts/_form.html.erb (Duration: 5.2ms | Allocations: 1264)
  Rendered posts/new.html.erb within layouts/application (Duration: 5.5ms | Allocations: 1327)
Completed 200 OK in 24ms (Views: 22.4ms | ActiveRecord: 0.3ms | Allocations: 5710)


Started GET "/posts/new" for ::1 at 2019-11-11 17:35:47 -0500
Processing by PostsController#new as HTML
  Rendering posts/new.html.erb within layouts/application
  [1m[36mUser Load (0.3ms)[0m  [1m[34mSELECT "users".* FROM "users"[0m
  ↳ app/views/posts/_form.html.erb:2
  Rendered posts/_form.html.erb (Duration: 3.5ms | Allocations: 1264)
  Rendered posts/new.html.erb within layouts/application (Duration: 3.7ms | Allocations: 1327)
Completed 200 OK in 17ms (Views: 15.4ms | ActiveRecord: 0.3ms | Allocations: 5710)


Started GET "/posts/new" for ::1 at 2019-11-11 17:36:08 -0500
  [1m[35m (0.1ms)[0m  [1m[34mSELECT sqlite_version(*)[0m
Processing by PostsController#new as HTML
  Rendering posts/new.html.erb within layouts/application
  [1m[36mUser Load (0.2ms)[0m  [1m[34mSELECT "users".* FROM "users"[0m
  ↳ app/views/posts/_form.html.erb:2
  Rendered posts/_form.html.erb (Duration: 21.9ms | Allocations: 8370)
  Rendered posts/new.html.erb within layouts/application (Duration: 22.1ms | Allocations: 8433)
Completed 200 OK in 49ms (Views: 26.9ms | ActiveRecord: 3.0ms | Allocations: 18268)


Started POST "/posts" for ::1 at 2019-11-11 17:36:25 -0500
Processing by PostsController#create as HTML
  Parameters: {"authenticity_token"=>"mr49beMoVJrcTNdQ/NOeUvbYNgFfMSU5ubcwrbK8X5Q1Fp3lkjJxtjglpWJWR9XBUW6ROZda3rUjZwob2QCGGw==", "post"=>{"user_id"=>"1", "content"=>"Nv"}, "commit"=>"Create Post"}
  [1m[35m (0.1ms)[0m  [1m[36mbegin transaction[0m
  ↳ app/controllers/posts_controller.rb:7:in `create'
  [1m[36mUser Load (0.2ms)[0m  [1m[34mSELECT "users".* FROM "users" WHERE "users"."id" = ? LIMIT ?[0m  [["id", 1], ["LIMIT", 1]]
  ↳ app/controllers/posts_controller.rb:7:in `create'
  [1m[36mPost Create (4.8ms)[0m  [1m[32mINSERT INTO "posts" ("user_id", "content", "created_at", "updated_at") VALUES (?, ?, ?, ?)[0m  [["user_id", 1], ["content", "Nv"], ["created_at", "2019-11-11 22:36:25.096297"], ["updated_at", "2019-11-11 22:36:25.096297"]]
  ↳ app/controllers/posts_controller.rb:7:in `create'
  [1m[35m (5.2ms)[0m  [1m[36mcommit transaction[0m
  ↳ app/controllers/posts_controller.rb:7:in `create'
Redirected to http://localhost:3000/posts/1
Completed 302 Found in 42ms (ActiveRecord: 10.2ms | Allocations: 5830)


Started GET "/posts/1" for ::1 at 2019-11-11 17:36:25 -0500
Processing by PostsController#show as HTML
  Parameters: {"id"=>"1"}
  [1m[36mPost Load (0.6ms)[0m  [1m[34mSELECT "posts".* FROM "posts" WHERE "posts"."id" = ? LIMIT ?[0m  [["id", 1], ["LIMIT", 1]]
  ↳ app/controllers/posts_controller.rb:12:in `show'
  Rendering posts/show.html.erb within layouts/application
  Rendered posts/show.html.erb within layouts/application (Duration: 0.9ms | Allocations: 105)
Completed 200 OK in 60ms (Views: 53.4ms | ActiveRecord: 0.6ms | Allocations: 5240)


Started GET "/posts/1/edit" for ::1 at 2019-11-11 17:36:29 -0500
Processing by PostsController#edit as HTML
  Parameters: {"id"=>"1"}
  [1m[36mPost Load (0.2ms)[0m  [1m[34mSELECT "posts".* FROM "posts" WHERE "posts"."id" = ? LIMIT ?[0m  [["id", 1], ["LIMIT", 1]]
  ↳ app/controllers/posts_controller.rb:16:in `edit'
Completed 406 Not Acceptable in 11ms (ActiveRecord: 0.2ms | Allocations: 2766)


  
ActionController::MissingExactTemplate (PostsController#edit is missing a template for request formats: text/html):
  
actionpack (6.0.1) lib/action_controller/metal/implicit_render.rb:45:in `default_render'
actionpack (6.0.1) lib/action_controller/metal/basic_implicit_render.rb:6:in `block in send_action'
actionpack (6.0.1) lib/action_controller/metal/basic_implicit_render.rb:6:in `tap'
actionpack (6.0.1) lib/action_controller/metal/basic_implicit_render.rb:6:in `send_action'
actionpack (6.0.1) lib/abstract_controller/base.rb:196:in `process_action'
actionpack (6.0.1) lib/action_controller/metal/rendering.rb:30:in `process_action'
actionpack (6.0.1) lib/abstract_controller/callbacks.rb:42:in `block in process_action'
activesupport (6.0.1) lib/active_support/callbacks.rb:135:in `run_callbacks'
actionpack (6.0.1) lib/abstract_controller/callbacks.rb:41:in `process_action'
actionpack (6.0.1) lib/action_controller/metal/rescue.rb:22:in `process_action'
actionpack (6.0.1) lib/action_controller/metal/instrumentation.rb:33:in `block in process_action'
activesupport (6.0.1) lib/active_support/notifications.rb:180:in `block in instrument'
activesupport (6.0.1) lib/active_support/notifications/instrumenter.rb:24:in `instrument'
activesupport (6.0.1) lib/active_support/notifications.rb:180:in `instrument'
actionpack (6.0.1) lib/action_controller/metal/instrumentation.rb:32:in `process_action'
actionpack (6.0.1) lib/action_controller/metal/params_wrapper.rb:245:in `process_action'
activerecord (6.0.1) lib/active_record/railties/controller_runtime.rb:27:in `process_action'
actionpack (6.0.1) lib/abstract_controller/base.rb:136:in `process'
actionview (6.0.1) lib/action_view/rendering.rb:39:in `process'
actionpack (6.0.1) lib/action_controller/metal.rb:191:in `dispatch'
actionpack (6.0.1) lib/action_controller/metal.rb:252:in `dispatch'
actionpack (6.0.1) lib/action_dispatch/routing/route_set.rb:51:in `dispatch'
actionpack (6.0.1) lib/action_dispatch/routing/route_set.rb:33:in `serve'
actionpack (6.0.1) lib/action_dispatch/journey/router.rb:49:in `block in serve'
actionpack (6.0.1) lib/action_dispatch/journey/router.rb:32:in `each'
actionpack (6.0.1) lib/action_dispatch/journey/router.rb:32:in `serve'
actionpack (6.0.1) lib/action_dispatch/routing/route_set.rb:837:in `call'
rack (2.0.7) lib/rack/tempfile_reaper.rb:15:in `call'
rack (2.0.7) lib/rack/etag.rb:25:in `call'
rack (2.0.7) lib/rack/conditional_get.rb:25:in `call'
rack (2.0.7) lib/rack/head.rb:12:in `call'
actionpack (6.0.1) lib/action_dispatch/http/content_security_policy.rb:18:in `call'
rack (2.0.7) lib/rack/session/abstract/id.rb:232:in `context'
rack (2.0.7) lib/rack/session/abstract/id.rb:226:in `call'
actionpack (6.0.1) lib/action_dispatch/middleware/cookies.rb:648:in `call'
activerecord (6.0.1) lib/active_record/migration.rb:567:in `call'
actionpack (6.0.1) lib/action_dispatch/middleware/callbacks.rb:27:in `block in call'
activesupport (6.0.1) lib/active_support/callbacks.rb:101:in `run_callbacks'
actionpack (6.0.1) lib/action_dispatch/middleware/callbacks.rb:26:in `call'
actionpack (6.0.1) lib/action_dispatch/middleware/executor.rb:14:in `call'
actionpack (6.0.1) lib/action_dispatch/middleware/actionable_exceptions.rb:17:in `call'
actionpack (6.0.1) lib/action_dispatch/middleware/debug_exceptions.rb:32:in `call'
web-console (4.0.1) lib/web_console/middleware.rb:132:in `call_app'
web-console (4.0.1) lib/web_console/middleware.rb:28:in `block in call'
web-console (4.0.1) lib/web_console/middleware.rb:17:in `catch'
web-console (4.0.1) lib/web_console/middleware.rb:17:in `call'
actionpack (6.0.1) lib/action_dispatch/middleware/show_exceptions.rb:33:in `call'
railties (6.0.1) lib/rails/rack/logger.rb:38:in `call_app'
railties (6.0.1) lib/rails/rack/logger.rb:26:in `block in call'
activesupport (6.0.1) lib/active_support/tagged_logging.rb:80:in `block in tagged'
activesupport (6.0.1) lib/active_support/tagged_logging.rb:28:in `tagged'
activesupport (6.0.1) lib/active_support/tagged_logging.rb:80:in `tagged'
railties (6.0.1) lib/rails/rack/logger.rb:26:in `call'
sprockets-rails (3.2.1) lib/sprockets/rails/quiet_assets.rb:13:in `call'
actionpack (6.0.1) lib/action_dispatch/middleware/remote_ip.rb:81:in `call'
actionpack (6.0.1) lib/action_dispatch/middleware/request_id.rb:27:in `call'
rack (2.0.7) lib/rack/method_override.rb:22:in `call'
rack (2.0.7) lib/rack/runtime.rb:22:in `call'
activesupport (6.0.1) lib/active_support/cache/strategy/local_cache_middleware.rb:29:in `call'
actionpack (6.0.1) lib/action_dispatch/middleware/executor.rb:14:in `call'
actionpack (6.0.1) lib/action_dispatch/middleware/static.rb:126:in `call'
rack (2.0.7) lib/rack/sendfile.rb:111:in `call'
actionpack (6.0.1) lib/action_dispatch/middleware/host_authorization.rb:83:in `call'
webpacker (4.0.7) lib/webpacker/dev_server_proxy.rb:29:in `perform_request'
rack-proxy (0.6.5) lib/rack/proxy.rb:57:in `call'
railties (6.0.1) lib/rails/engine.rb:526:in `call'
puma (4.3.0) lib/puma/configuration.rb:228:in `call'
puma (4.3.0) lib/puma/server.rb:667:in `handle_request'
puma (4.3.0) lib/puma/server.rb:470:in `process_client'
puma (4.3.0) lib/puma/server.rb:328:in `block in run'
puma (4.3.0) lib/puma/thread_pool.rb:134:in `block in spawn_thread'
Started GET "/posts/1/edit" for ::1 at 2019-11-11 17:36:34 -0500
Processing by PostsController#edit as HTML
  Parameters: {"id"=>"1"}
  [1m[36mPost Load (0.3ms)[0m  [1m[34mSELECT "posts".* FROM "posts" WHERE "posts"."id" = ? LIMIT ?[0m  [["id", 1], ["LIMIT", 1]]
  ↳ app/controllers/posts_controller.rb:16:in `edit'
Completed 406 Not Acceptable in 5ms (ActiveRecord: 0.3ms | Allocations: 1448)


  
ActionController::MissingExactTemplate (PostsController#edit is missing a template for request formats: text/html):
  
actionpack (6.0.1) lib/action_controller/metal/implicit_render.rb:45:in `default_render'
actionpack (6.0.1) lib/action_controller/metal/basic_implicit_render.rb:6:in `block in send_action'
actionpack (6.0.1) lib/action_controller/metal/basic_implicit_render.rb:6:in `tap'
actionpack (6.0.1) lib/action_controller/metal/basic_implicit_render.rb:6:in `send_action'
actionpack (6.0.1) lib/abstract_controller/base.rb:196:in `process_action'
actionpack (6.0.1) lib/action_controller/metal/rendering.rb:30:in `process_action'
actionpack (6.0.1) lib/abstract_controller/callbacks.rb:42:in `block in process_action'
activesupport (6.0.1) lib/active_support/callbacks.rb:135:in `run_callbacks'
actionpack (6.0.1) lib/abstract_controller/callbacks.rb:41:in `process_action'
actionpack (6.0.1) lib/action_controller/metal/rescue.rb:22:in `process_action'
actionpack (6.0.1) lib/action_controller/metal/instrumentation.rb:33:in `block in process_action'
activesupport (6.0.1) lib/active_support/notifications.rb:180:in `block in instrument'
activesupport (6.0.1) lib/active_support/notifications/instrumenter.rb:24:in `instrument'
activesupport (6.0.1) lib/active_support/notifications.rb:180:in `instrument'
actionpack (6.0.1) lib/action_controller/metal/instrumentation.rb:32:in `process_action'
actionpack (6.0.1) lib/action_controller/metal/params_wrapper.rb:245:in `process_action'
activerecord (6.0.1) lib/active_record/railties/controller_runtime.rb:27:in `process_action'
actionpack (6.0.1) lib/abstract_controller/base.rb:136:in `process'
actionview (6.0.1) lib/action_view/rendering.rb:39:in `process'
actionpack (6.0.1) lib/action_controller/metal.rb:191:in `dispatch'
actionpack (6.0.1) lib/action_controller/metal.rb:252:in `dispatch'
actionpack (6.0.1) lib/action_dispatch/routing/route_set.rb:51:in `dispatch'
actionpack (6.0.1) lib/action_dispatch/routing/route_set.rb:33:in `serve'
actionpack (6.0.1) lib/action_dispatch/journey/router.rb:49:in `block in serve'
actionpack (6.0.1) lib/action_dispatch/journey/router.rb:32:in `each'
actionpack (6.0.1) lib/action_dispatch/journey/router.rb:32:in `serve'
actionpack (6.0.1) lib/action_dispatch/routing/route_set.rb:837:in `call'
rack (2.0.7) lib/rack/tempfile_reaper.rb:15:in `call'
rack (2.0.7) lib/rack/etag.rb:25:in `call'
rack (2.0.7) lib/rack/conditional_get.rb:25:in `call'
rack (2.0.7) lib/rack/head.rb:12:in `call'
actionpack (6.0.1) lib/action_dispatch/http/content_security_policy.rb:18:in `call'
rack (2.0.7) lib/rack/session/abstract/id.rb:232:in `context'
rack (2.0.7) lib/rack/session/abstract/id.rb:226:in `call'
actionpack (6.0.1) lib/action_dispatch/middleware/cookies.rb:648:in `call'
activerecord (6.0.1) lib/active_record/migration.rb:567:in `call'
actionpack (6.0.1) lib/action_dispatch/middleware/callbacks.rb:27:in `block in call'
activesupport (6.0.1) lib/active_support/callbacks.rb:101:in `run_callbacks'
actionpack (6.0.1) lib/action_dispatch/middleware/callbacks.rb:26:in `call'
actionpack (6.0.1) lib/action_dispatch/middleware/executor.rb:14:in `call'
actionpack (6.0.1) lib/action_dispatch/middleware/actionable_exceptions.rb:17:in `call'
actionpack (6.0.1) lib/action_dispatch/middleware/debug_exceptions.rb:32:in `call'
web-console (4.0.1) lib/web_console/middleware.rb:132:in `call_app'
web-console (4.0.1) lib/web_console/middleware.rb:28:in `block in call'
web-console (4.0.1) lib/web_console/middleware.rb:17:in `catch'
web-console (4.0.1) lib/web_console/middleware.rb:17:in `call'
actionpack (6.0.1) lib/action_dispatch/middleware/show_exceptions.rb:33:in `call'
railties (6.0.1) lib/rails/rack/logger.rb:38:in `call_app'
railties (6.0.1) lib/rails/rack/logger.rb:26:in `block in call'
activesupport (6.0.1) lib/active_support/tagged_logging.rb:80:in `block in tagged'
activesupport (6.0.1) lib/active_support/tagged_logging.rb:28:in `tagged'
activesupport (6.0.1) lib/active_support/tagged_logging.rb:80:in `tagged'
railties (6.0.1) lib/rails/rack/logger.rb:26:in `call'
sprockets-rails (3.2.1) lib/sprockets/rails/quiet_assets.rb:13:in `call'
actionpack (6.0.1) lib/action_dispatch/middleware/remote_ip.rb:81:in `call'
actionpack (6.0.1) lib/action_dispatch/middleware/request_id.rb:27:in `call'
rack (2.0.7) lib/rack/method_override.rb:22:in `call'
rack (2.0.7) lib/rack/runtime.rb:22:in `call'
activesupport (6.0.1) lib/active_support/cache/strategy/local_cache_middleware.rb:29:in `call'
actionpack (6.0.1) lib/action_dispatch/middleware/executor.rb:14:in `call'
actionpack (6.0.1) lib/action_dispatch/middleware/static.rb:126:in `call'
rack (2.0.7) lib/rack/sendfile.rb:111:in `call'
actionpack (6.0.1) lib/action_dispatch/middleware/host_authorization.rb:83:in `call'
webpacker (4.0.7) lib/webpacker/dev_server_proxy.rb:29:in `perform_request'
rack-proxy (0.6.5) lib/rack/proxy.rb:57:in `call'
railties (6.0.1) lib/rails/engine.rb:526:in `call'
puma (4.3.0) lib/puma/configuration.rb:228:in `call'
puma (4.3.0) lib/puma/server.rb:667:in `handle_request'
puma (4.3.0) lib/puma/server.rb:470:in `process_client'
puma (4.3.0) lib/puma/server.rb:328:in `block in run'
puma (4.3.0) lib/puma/thread_pool.rb:134:in `block in spawn_thread'
Started GET "/posts/1/edit" for ::1 at 2019-11-11 17:37:14 -0500
Processing by PostsController#edit as HTML
  Parameters: {"id"=>"1"}
  [1m[36mPost Load (0.2ms)[0m  [1m[34mSELECT "posts".* FROM "posts" WHERE "posts"."id" = ? LIMIT ?[0m  [["id", 1], ["LIMIT", 1]]
  ↳ app/controllers/posts_controller.rb:16:in `edit'
  Rendering posts/edit.html.erb within layouts/application
  [1m[36mUser Load (1.1ms)[0m  [1m[34mSELECT "users".* FROM "users"[0m
  ↳ app/views/posts/_form.html.erb:2
  Rendered posts/_form.html.erb (Duration: 10.0ms | Allocations: 1499)
  Rendered posts/edit.html.erb within layouts/application (Duration: 11.5ms | Allocations: 1795)
Completed 200 OK in 40ms (Views: 35.2ms | ActiveRecord: 1.3ms | Allocations: 7678)


Started GET "/posts/1/edit" for ::1 at 2019-11-11 17:37:15 -0500
Processing by PostsController#edit as HTML
  Parameters: {"id"=>"1"}
  [1m[36mPost Load (0.2ms)[0m  [1m[34mSELECT "posts".* FROM "posts" WHERE "posts"."id" = ? LIMIT ?[0m  [["id", 1], ["LIMIT", 1]]
  ↳ app/controllers/posts_controller.rb:16:in `edit'
  Rendering posts/edit.html.erb within layouts/application
  [1m[36mUser Load (0.4ms)[0m  [1m[34mSELECT "users".* FROM "users"[0m
  ↳ app/views/posts/_form.html.erb:2
  Rendered posts/_form.html.erb (Duration: 7.5ms | Allocations: 1308)
  Rendered posts/edit.html.erb within layouts/application (Duration: 7.9ms | Allocations: 1371)
Completed 200 OK in 27ms (Views: 23.2ms | ActiveRecord: 0.6ms | Allocations: 6237)


Started GET "/posts/1/edit" for ::1 at 2019-11-11 17:37:15 -0500
Processing by PostsController#edit as HTML
  Parameters: {"id"=>"1"}
  [1m[36mPost Load (0.2ms)[0m  [1m[34mSELECT "posts".* FROM "posts" WHERE "posts"."id" = ? LIMIT ?[0m  [["id", 1], ["LIMIT", 1]]
  ↳ app/controllers/posts_controller.rb:16:in `edit'
  Rendering posts/edit.html.erb within layouts/application
  [1m[36mUser Load (0.2ms)[0m  [1m[34mSELECT "users".* FROM "users"[0m
  ↳ app/views/posts/_form.html.erb:2
  Rendered posts/_form.html.erb (Duration: 3.6ms | Allocations: 1302)
  Rendered posts/edit.html.erb within layouts/application (Duration: 3.9ms | Allocations: 1365)
Completed 200 OK in 34ms (Views: 30.2ms | ActiveRecord: 0.4ms | Allocations: 6235)


Started GET "/posts/1/edit" for ::1 at 2019-11-11 17:37:15 -0500
Processing by PostsController#edit as HTML
  Parameters: {"id"=>"1"}
  [1m[36mPost Load (0.2ms)[0m  [1m[34mSELECT "posts".* FROM "posts" WHERE "posts"."id" = ? LIMIT ?[0m  [["id", 1], ["LIMIT", 1]]
  ↳ app/controllers/posts_controller.rb:16:in `edit'
  Rendering posts/edit.html.erb within layouts/application
  [1m[36mUser Load (0.2ms)[0m  [1m[34mSELECT "users".* FROM "users"[0m
  ↳ app/views/posts/_form.html.erb:2
  Rendered posts/_form.html.erb (Duration: 2.8ms | Allocations: 1302)
  Rendered posts/edit.html.erb within layouts/application (Duration: 3.0ms | Allocations: 1365)
Completed 200 OK in 29ms (Views: 25.8ms | ActiveRecord: 0.3ms | Allocations: 6224)


Started GET "/posts/1/edit" for ::1 at 2019-11-11 17:37:15 -0500
Processing by PostsController#edit as HTML
  Parameters: {"id"=>"1"}
  [1m[36mPost Load (0.2ms)[0m  [1m[34mSELECT "posts".* FROM "posts" WHERE "posts"."id" = ? LIMIT ?[0m  [["id", 1], ["LIMIT", 1]]
  ↳ app/controllers/posts_controller.rb:16:in `edit'
  Rendering posts/edit.html.erb within layouts/application
  [1m[36mUser Load (0.1ms)[0m  [1m[34mSELECT "users".* FROM "users"[0m
  ↳ app/views/posts/_form.html.erb:2
  Rendered posts/_form.html.erb (Duration: 2.0ms | Allocations: 1302)
  Rendered posts/edit.html.erb within layouts/application (Duration: 2.2ms | Allocations: 1365)
Completed 200 OK in 18ms (Views: 14.8ms | ActiveRecord: 0.3ms | Allocations: 6230)


Started GET "/posts/1/edit" for ::1 at 2019-11-11 17:37:16 -0500
Processing by PostsController#edit as HTML
  Parameters: {"id"=>"1"}
  [1m[36mPost Load (0.1ms)[0m  [1m[34mSELECT "posts".* FROM "posts" WHERE "posts"."id" = ? LIMIT ?[0m  [["id", 1], ["LIMIT", 1]]
  ↳ app/controllers/posts_controller.rb:16:in `edit'
  Rendering posts/edit.html.erb within layouts/application
  [1m[36mUser Load (1.1ms)[0m  [1m[34mSELECT "users".* FROM "users"[0m
  ↳ app/views/posts/_form.html.erb:2
  Rendered posts/_form.html.erb (Duration: 12.8ms | Allocations: 1302)
  Rendered posts/edit.html.erb within layouts/application (Duration: 13.1ms | Allocations: 1365)
Completed 200 OK in 32ms (Views: 28.8ms | ActiveRecord: 1.3ms | Allocations: 6224)


Started PATCH "/posts/1" for ::1 at 2019-11-11 17:37:19 -0500
  
AbstractController::ActionNotFound (The action 'update' could not be found for PostsController):
  
actionpack (6.0.1) lib/abstract_controller/base.rb:131:in `process'
actionview (6.0.1) lib/action_view/rendering.rb:39:in `process'
actionpack (6.0.1) lib/action_controller/metal.rb:191:in `dispatch'
actionpack (6.0.1) lib/action_controller/metal.rb:252:in `dispatch'
actionpack (6.0.1) lib/action_dispatch/routing/route_set.rb:51:in `dispatch'
actionpack (6.0.1) lib/action_dispatch/routing/route_set.rb:33:in `serve'
actionpack (6.0.1) lib/action_dispatch/journey/router.rb:49:in `block in serve'
actionpack (6.0.1) lib/action_dispatch/journey/router.rb:32:in `each'
actionpack (6.0.1) lib/action_dispatch/journey/router.rb:32:in `serve'
actionpack (6.0.1) lib/action_dispatch/routing/route_set.rb:837:in `call'
rack (2.0.7) lib/rack/tempfile_reaper.rb:15:in `call'
rack (2.0.7) lib/rack/etag.rb:25:in `call'
rack (2.0.7) lib/rack/conditional_get.rb:38:in `call'
rack (2.0.7) lib/rack/head.rb:12:in `call'
actionpack (6.0.1) lib/action_dispatch/http/content_security_policy.rb:18:in `call'
rack (2.0.7) lib/rack/session/abstract/id.rb:232:in `context'
rack (2.0.7) lib/rack/session/abstract/id.rb:226:in `call'
actionpack (6.0.1) lib/action_dispatch/middleware/cookies.rb:648:in `call'
activerecord (6.0.1) lib/active_record/migration.rb:567:in `call'
actionpack (6.0.1) lib/action_dispatch/middleware/callbacks.rb:27:in `block in call'
activesupport (6.0.1) lib/active_support/callbacks.rb:101:in `run_callbacks'
actionpack (6.0.1) lib/action_dispatch/middleware/callbacks.rb:26:in `call'
actionpack (6.0.1) lib/action_dispatch/middleware/executor.rb:14:in `call'
actionpack (6.0.1) lib/action_dispatch/middleware/actionable_exceptions.rb:17:in `call'
actionpack (6.0.1) lib/action_dispatch/middleware/debug_exceptions.rb:32:in `call'
web-console (4.0.1) lib/web_console/middleware.rb:132:in `call_app'
web-console (4.0.1) lib/web_console/middleware.rb:28:in `block in call'
web-console (4.0.1) lib/web_console/middleware.rb:17:in `catch'
web-console (4.0.1) lib/web_console/middleware.rb:17:in `call'
actionpack (6.0.1) lib/action_dispatch/middleware/show_exceptions.rb:33:in `call'
railties (6.0.1) lib/rails/rack/logger.rb:38:in `call_app'
railties (6.0.1) lib/rails/rack/logger.rb:26:in `block in call'
activesupport (6.0.1) lib/active_support/tagged_logging.rb:80:in `block in tagged'
activesupport (6.0.1) lib/active_support/tagged_logging.rb:28:in `tagged'
activesupport (6.0.1) lib/active_support/tagged_logging.rb:80:in `tagged'
railties (6.0.1) lib/rails/rack/logger.rb:26:in `call'
sprockets-rails (3.2.1) lib/sprockets/rails/quiet_assets.rb:13:in `call'
actionpack (6.0.1) lib/action_dispatch/middleware/remote_ip.rb:81:in `call'
actionpack (6.0.1) lib/action_dispatch/middleware/request_id.rb:27:in `call'
rack (2.0.7) lib/rack/method_override.rb:22:in `call'
rack (2.0.7) lib/rack/runtime.rb:22:in `call'
activesupport (6.0.1) lib/active_support/cache/strategy/local_cache_middleware.rb:29:in `call'
actionpack (6.0.1) lib/action_dispatch/middleware/executor.rb:14:in `call'
actionpack (6.0.1) lib/action_dispatch/middleware/static.rb:126:in `call'
rack (2.0.7) lib/rack/sendfile.rb:111:in `call'
actionpack (6.0.1) lib/action_dispatch/middleware/host_authorization.rb:83:in `call'
webpacker (4.0.7) lib/webpacker/dev_server_proxy.rb:29:in `perform_request'
rack-proxy (0.6.5) lib/rack/proxy.rb:57:in `call'
railties (6.0.1) lib/rails/engine.rb:526:in `call'
puma (4.3.0) lib/puma/configuration.rb:228:in `call'
puma (4.3.0) lib/puma/server.rb:667:in `handle_request'
puma (4.3.0) lib/puma/server.rb:470:in `process_client'
puma (4.3.0) lib/puma/server.rb:328:in `block in run'
puma (4.3.0) lib/puma/thread_pool.rb:134:in `block in spawn_thread'
Started PATCH "/posts/1" for ::1 at 2019-11-11 17:39:07 -0500
  [1m[35m (0.1ms)[0m  [1m[34mSELECT sqlite_version(*)[0m
Processing by PostsController#update as HTML
  Parameters: {"authenticity_token"=>"6q8fD0wWli9NcJErorGQuXO74HtiZYEfb2lHi94e9kJFB7+HPQyzA6kZ4xkIJdsq1A1HQ6oOepP1uX09taIvzQ==", "post"=>{"user_id"=>"1", "content"=>"Ok\r\n"}, "commit"=>"Update Post", "id"=>"1"}
  [1m[36mPost Load (0.1ms)[0m  [1m[34mSELECT "posts".* FROM "posts" WHERE "posts"."id" = ? LIMIT ?[0m  [["id", 1], ["LIMIT", 1]]
  ↳ app/controllers/posts_controller.rb:33:in `find_post'
  [1m[35m (0.1ms)[0m  [1m[36mbegin transaction[0m
  ↳ app/controllers/posts_controller.rb:22:in `update'
  [1m[36mUser Load (0.3ms)[0m  [1m[34mSELECT "users".* FROM "users" WHERE "users"."id" = ? LIMIT ?[0m  [["id", 1], ["LIMIT", 1]]
  ↳ app/controllers/posts_controller.rb:22:in `update'
  [1m[36mPost Update (1.2ms)[0m  [1m[33mUPDATE "posts" SET "content" = ?, "updated_at" = ? WHERE "posts"."id" = ?[0m  [["content", "Ok\r\n"], ["updated_at", "2019-11-11 22:39:07.864281"], ["id", 1]]
  ↳ app/controllers/posts_controller.rb:22:in `update'
  [1m[35m (1.3ms)[0m  [1m[36mcommit transaction[0m
  ↳ app/controllers/posts_controller.rb:22:in `update'
Redirected to http://localhost:3000/posts/1
Completed 302 Found in 44ms (ActiveRecord: 3.9ms | Allocations: 18057)


Started GET "/posts/1" for ::1 at 2019-11-11 17:39:07 -0500
Processing by PostsController#show as HTML
  Parameters: {"id"=>"1"}
  [1m[36mPost Load (0.2ms)[0m  [1m[34mSELECT "posts".* FROM "posts" WHERE "posts"."id" = ? LIMIT ?[0m  [["id", 1], ["LIMIT", 1]]
  ↳ app/controllers/posts_controller.rb:33:in `find_post'
  Rendering posts/show.html.erb within layouts/application
  Rendered posts/show.html.erb within layouts/application (Duration: 2.4ms | Allocations: 859)
Completed 200 OK in 44ms (Views: 18.5ms | ActiveRecord: 0.2ms | Allocations: 8291)


Started GET "/posts/1/edit" for ::1 at 2019-11-11 17:39:12 -0500
Processing by PostsController#edit as HTML
  Parameters: {"id"=>"1"}
  [1m[36mPost Load (0.1ms)[0m  [1m[34mSELECT "posts".* FROM "posts" WHERE "posts"."id" = ? LIMIT ?[0m  [["id", 1], ["LIMIT", 1]]
  ↳ app/controllers/posts_controller.rb:33:in `find_post'
  [1m[36mCACHE Post Load (0.0ms)[0m  [1m[34mSELECT "posts".* FROM "posts" WHERE "posts"."id" = ? LIMIT ?[0m  [["id", 1], ["LIMIT", 1]]
  ↳ app/controllers/posts_controller.rb:18:in `edit'
  Rendering posts/edit.html.erb within layouts/application
  [1m[36mUser Load (0.2ms)[0m  [1m[34mSELECT "users".* FROM "users"[0m
  ↳ app/views/posts/_form.html.erb:2
  Rendered posts/_form.html.erb (Duration: 2.3ms | Allocations: 1383)
  Rendered posts/edit.html.erb within layouts/application (Duration: 2.4ms | Allocations: 1446)
Completed 200 OK in 26ms (Views: 23.8ms | ActiveRecord: 0.3ms | Allocations: 6753)


Started PATCH "/posts/1" for ::1 at 2019-11-11 17:39:17 -0500
Processing by PostsController#update as HTML
  Parameters: {"authenticity_token"=>"5xtAolTCU8xsrdmAALXHWyTqrqRLPz1GJH71/c8UAWRIs+AqJdh24IjEq7KqIYzIg1wJnINUxsq+rs9LpKjY6w==", "post"=>{"user_id"=>"1", "content"=>"Nope\r\n\r\n"}, "commit"=>"Update Post", "id"=>"1"}
  [1m[36mPost Load (1.0ms)[0m  [1m[34mSELECT "posts".* FROM "posts" WHERE "posts"."id" = ? LIMIT ?[0m  [["id", 1], ["LIMIT", 1]]
  ↳ app/controllers/posts_controller.rb:33:in `find_post'
  [1m[35m (0.2ms)[0m  [1m[36mbegin transaction[0m
  ↳ app/controllers/posts_controller.rb:22:in `update'
  [1m[36mUser Load (0.2ms)[0m  [1m[34mSELECT "users".* FROM "users" WHERE "users"."id" = ? LIMIT ?[0m  [["id", 1], ["LIMIT", 1]]
  ↳ app/controllers/posts_controller.rb:22:in `update'
  [1m[36mPost Update (0.6ms)[0m  [1m[33mUPDATE "posts" SET "content" = ?, "updated_at" = ? WHERE "posts"."id" = ?[0m  [["content", "Nope\r\n\r\n"], ["updated_at", "2019-11-11 22:39:17.546833"], ["id", 1]]
  ↳ app/controllers/posts_controller.rb:22:in `update'
  [1m[35m (10.0ms)[0m  [1m[36mcommit transaction[0m
  ↳ app/controllers/posts_controller.rb:22:in `update'
Redirected to http://localhost:3000/posts/1
Completed 302 Found in 26ms (ActiveRecord: 12.0ms | Allocations: 4541)


Started GET "/posts/1" for ::1 at 2019-11-11 17:39:17 -0500
Processing by PostsController#show as HTML
  Parameters: {"id"=>"1"}
  [1m[36mPost Load (0.2ms)[0m  [1m[34mSELECT "posts".* FROM "posts" WHERE "posts"."id" = ? LIMIT ?[0m  [["id", 1], ["LIMIT", 1]]
  ↳ app/controllers/posts_controller.rb:33:in `find_post'
  Rendering posts/show.html.erb within layouts/application
  Rendered posts/show.html.erb within layouts/application (Duration: 0.1ms | Allocations: 7)
Completed 200 OK in 21ms (Views: 17.7ms | ActiveRecord: 0.2ms | Allocations: 4879)


Started GET "/posts/1/edit" for ::1 at 2019-11-11 17:39:21 -0500
Processing by PostsController#edit as HTML
  Parameters: {"id"=>"1"}
  [1m[36mPost Load (0.1ms)[0m  [1m[34mSELECT "posts".* FROM "posts" WHERE "posts"."id" = ? LIMIT ?[0m  [["id", 1], ["LIMIT", 1]]
  ↳ app/controllers/posts_controller.rb:33:in `find_post'
  [1m[36mCACHE Post Load (0.0ms)[0m  [1m[34mSELECT "posts".* FROM "posts" WHERE "posts"."id" = ? LIMIT ?[0m  [["id", 1], ["LIMIT", 1]]
  ↳ app/controllers/posts_controller.rb:18:in `edit'
  Rendering posts/edit.html.erb within layouts/application
  [1m[36mUser Load (0.2ms)[0m  [1m[34mSELECT "users".* FROM "users"[0m
  ↳ app/views/posts/_form.html.erb:2
  Rendered posts/_form.html.erb (Duration: 2.6ms | Allocations: 1302)
  Rendered posts/edit.html.erb within layouts/application (Duration: 2.8ms | Allocations: 1365)
Completed 200 OK in 16ms (Views: 13.7ms | ActiveRecord: 0.4ms | Allocations: 6670)


Started PATCH "/posts/1" for ::1 at 2019-11-11 17:39:28 -0500
Processing by PostsController#update as HTML
  Parameters: {"authenticity_token"=>"bn+2C1QHZCRe21hjTrqbibsKKmwrxDdzhffbdlJ4odvB1xaDJR1BCLqyKlHkLtAaHLyNVOOvzP8fJ+HAOcR4VA==", "post"=>{"user_id"=>"1", "content"=>"Ok\r\n"}, "commit"=>"Update Post", "id"=>"1"}
  [1m[36mPost Load (0.5ms)[0m  [1m[34mSELECT "posts".* FROM "posts" WHERE "posts"."id" = ? LIMIT ?[0m  [["id", 1], ["LIMIT", 1]]
  ↳ app/controllers/posts_controller.rb:33:in `find_post'
  [1m[35m (0.1ms)[0m  [1m[36mbegin transaction[0m
  ↳ app/controllers/posts_controller.rb:22:in `update'
  [1m[36mUser Load (0.3ms)[0m  [1m[34mSELECT "users".* FROM "users" WHERE "users"."id" = ? LIMIT ?[0m  [["id", 1], ["LIMIT", 1]]
  ↳ app/controllers/posts_controller.rb:22:in `update'
  [1m[36mPost Update (1.2ms)[0m  [1m[33mUPDATE "posts" SET "content" = ?, "updated_at" = ? WHERE "posts"."id" = ?[0m  [["content", "Ok\r\n"], ["updated_at", "2019-11-11 22:39:28.800674"], ["id", 1]]
  ↳ app/controllers/posts_controller.rb:22:in `update'
  [1m[35m (8.6ms)[0m  [1m[36mcommit transaction[0m
  ↳ app/controllers/posts_controller.rb:22:in `update'
Redirected to http://localhost:3000/posts/1
Completed 302 Found in 29ms (ActiveRecord: 10.7ms | Allocations: 4543)


Started GET "/posts/1" for ::1 at 2019-11-11 17:39:28 -0500
Processing by PostsController#show as HTML
  Parameters: {"id"=>"1"}
  [1m[36mPost Load (0.9ms)[0m  [1m[34mSELECT "posts".* FROM "posts" WHERE "posts"."id" = ? LIMIT ?[0m  [["id", 1], ["LIMIT", 1]]
  ↳ app/controllers/posts_controller.rb:33:in `find_post'
  Rendering posts/show.html.erb within layouts/application
  Rendered posts/show.html.erb within layouts/application (Duration: 0.2ms | Allocations: 7)
Completed 200 OK in 28ms (Views: 22.7ms | ActiveRecord: 0.9ms | Allocations: 4881)


Started GET "/posts/1" for ::1 at 2019-11-11 17:40:53 -0500
  [1m[35m (0.1ms)[0m  [1m[34mSELECT sqlite_version(*)[0m
Processing by PostsController#show as HTML
  Parameters: {"id"=>"1"}
  [1m[36mPost Load (0.1ms)[0m  [1m[34mSELECT "posts".* FROM "posts" WHERE "posts"."id" = ? LIMIT ?[0m  [["id", 1], ["LIMIT", 1]]
  ↳ app/controllers/posts_controller.rb:39:in `find_post'
  Rendering posts/show.html.erb within layouts/application
  Rendered posts/show.html.erb within layouts/application (Duration: 0.1ms | Allocations: 8)
Completed 200 OK in 21ms (Views: 9.7ms | ActiveRecord: 0.7ms | Allocations: 10543)


Started GET "/posts/new" for ::1 at 2019-11-11 17:45:33 -0500
Processing by PostsController#new as HTML
  Rendering posts/new.html.erb within layouts/application
  [1m[36mUser Load (0.3ms)[0m  [1m[34mSELECT "users".* FROM "users"[0m
  ↳ app/views/posts/_form.html.erb:2
  Rendered posts/_form.html.erb (Duration: 47.4ms | Allocations: 10771)
  Rendered posts/new.html.erb within layouts/application (Duration: 48.1ms | Allocations: 10931)
Completed 200 OK in 63ms (Views: 60.0ms | ActiveRecord: 1.3ms | Allocations: 15367)


Started POST "/posts" for ::1 at 2019-11-11 17:45:44 -0500
Processing by PostsController#create as HTML
  Parameters: {"authenticity_token"=>"YVy/64+J8m/LFbiOyWrY+BBtwK5QaGAJcz3NOqRJyOfO9B9j/pPXQy98yrxj/pNrt9tnlpgDm4Xp7feMz/URaA==", "post"=>{"user_id"=>"2", "content"=>"create one more"}, "commit"=>"Create Post"}
  [1m[35m (0.1ms)[0m  [1m[36mbegin transaction[0m
  ↳ app/controllers/posts_controller.rb:9:in `create'
  [1m[36mUser Load (0.3ms)[0m  [1m[34mSELECT "users".* FROM "users" WHERE "users"."id" = ? LIMIT ?[0m  [["id", 2], ["LIMIT", 1]]
  ↳ app/controllers/posts_controller.rb:9:in `create'
  [1m[36mPost Create (1.0ms)[0m  [1m[32mINSERT INTO "posts" ("user_id", "content", "created_at", "updated_at") VALUES (?, ?, ?, ?)[0m  [["user_id", 2], ["content", "create one more"], ["created_at", "2019-11-11 22:45:44.417383"], ["updated_at", "2019-11-11 22:45:44.417383"]]
  ↳ app/controllers/posts_controller.rb:9:in `create'
  [1m[35m (4.4ms)[0m  [1m[36mcommit transaction[0m
  ↳ app/controllers/posts_controller.rb:9:in `create'
Redirected to http://localhost:3000/posts/2
Completed 302 Found in 18ms (ActiveRecord: 5.7ms | Allocations: 4743)


Started GET "/posts/2" for ::1 at 2019-11-11 17:45:44 -0500
Processing by PostsController#show as HTML
  Parameters: {"id"=>"2"}
  [1m[36mPost Load (0.1ms)[0m  [1m[34mSELECT "posts".* FROM "posts" WHERE "posts"."id" = ? LIMIT ?[0m  [["id", 2], ["LIMIT", 1]]
  ↳ app/controllers/posts_controller.rb:39:in `find_post'
  Rendering posts/show.html.erb within layouts/application
  Rendered posts/show.html.erb within layouts/application (Duration: 0.0ms | Allocations: 7)
Completed 200 OK in 21ms (Views: 19.3ms | ActiveRecord: 0.1ms | Allocations: 4881)


Started GET "/posts/2fe" for ::1 at 2019-11-11 17:48:24 -0500
Processing by PostsController#show as HTML
  Parameters: {"id"=>"2fe"}
  [1m[36mPost Load (0.2ms)[0m  [1m[34mSELECT "posts".* FROM "posts" WHERE "posts"."id" = ? LIMIT ?[0m  [["id", 2], ["LIMIT", 1]]
  ↳ app/controllers/posts_controller.rb:39:in `find_post'
  Rendering posts/show.html.erb within layouts/application
  Rendered posts/show.html.erb within layouts/application (Duration: 0.2ms | Allocations: 7)
Completed 200 OK in 20ms (Views: 16.2ms | ActiveRecord: 0.2ms | Allocations: 4881)


Started GET "/posts/2fe" for ::1 at 2019-11-11 17:48:27 -0500
Processing by PostsController#show as HTML
  Parameters: {"id"=>"2fe"}
  [1m[36mPost Load (0.2ms)[0m  [1m[34mSELECT "posts".* FROM "posts" WHERE "posts"."id" = ? LIMIT ?[0m  [["id", 2], ["LIMIT", 1]]
  ↳ app/controllers/posts_controller.rb:39:in `find_post'
  Rendering posts/show.html.erb within layouts/application
  Rendered posts/show.html.erb within layouts/application (Duration: 0.1ms | Allocations: 7)
Completed 200 OK in 15ms (Views: 12.6ms | ActiveRecord: 0.2ms | Allocations: 4887)


Started GET "/posts/2ecece" for ::1 at 2019-11-11 17:48:30 -0500
Processing by PostsController#show as HTML
  Parameters: {"id"=>"2ecece"}
  [1m[36mPost Load (0.3ms)[0m  [1m[34mSELECT "posts".* FROM "posts" WHERE "posts"."id" = ? LIMIT ?[0m  [["id", 2], ["LIMIT", 1]]
  ↳ app/controllers/posts_controller.rb:39:in `find_post'
  Rendering posts/show.html.erb within layouts/application
  Rendered posts/show.html.erb within layouts/application (Duration: 0.1ms | Allocations: 7)
Completed 200 OK in 18ms (Views: 15.5ms | ActiveRecord: 0.3ms | Allocations: 4880)


Started GET "/posts/2332%20d" for ::1 at 2019-11-11 17:48:34 -0500
Processing by PostsController#show as HTML
  Parameters: {"id"=>"2332 d"}
  [1m[36mPost Load (0.3ms)[0m  [1m[34mSELECT "posts".* FROM "posts" WHERE "posts"."id" = ? LIMIT ?[0m  [["id", 2332], ["LIMIT", 1]]
  ↳ app/controllers/posts_controller.rb:39:in `find_post'
Completed 404 Not Found in 4ms (ActiveRecord: 0.3ms | Allocations: 1382)


  
ActiveRecord::RecordNotFound (Couldn't find Post with 'id'=2332 d):
  
app/controllers/posts_controller.rb:39:in `find_post'
Started GET "/posts/233d" for ::1 at 2019-11-11 17:48:39 -0500
Processing by PostsController#show as HTML
  Parameters: {"id"=>"233d"}
  [1m[36mPost Load (0.2ms)[0m  [1m[34mSELECT "posts".* FROM "posts" WHERE "posts"."id" = ? LIMIT ?[0m  [["id", 233], ["LIMIT", 1]]
  ↳ app/controllers/posts_controller.rb:39:in `find_post'
Completed 404 Not Found in 3ms (ActiveRecord: 0.2ms | Allocations: 1381)


  
ActiveRecord::RecordNotFound (Couldn't find Post with 'id'=233d):
  
app/controllers/posts_controller.rb:39:in `find_post'
Started GET "/posts/233" for ::1 at 2019-11-11 17:48:43 -0500
Processing by PostsController#show as HTML
  Parameters: {"id"=>"233"}
  [1m[36mPost Load (0.8ms)[0m  [1m[34mSELECT "posts".* FROM "posts" WHERE "posts"."id" = ? LIMIT ?[0m  [["id", 233], ["LIMIT", 1]]
  ↳ app/controllers/posts_controller.rb:39:in `find_post'
Completed 404 Not Found in 8ms (ActiveRecord: 0.8ms | Allocations: 1381)


  
ActiveRecord::RecordNotFound (Couldn't find Post with 'id'=233):
  
app/controllers/posts_controller.rb:39:in `find_post'
Started GET "/posts/233" for ::1 at 2019-11-11 17:49:37 -0500
Processing by PostsController#show as HTML
  Parameters: {"id"=>"233"}
  [1m[36mPost Load (0.2ms)[0m  [1m[34mSELECT "posts".* FROM "posts" WHERE "posts"."id" = ? LIMIT ?[0m  [["id", 233], ["LIMIT", 1]]
  ↳ app/controllers/posts_controller.rb:39:in `find_post'
Completed 404 Not Found in 4ms (ActiveRecord: 0.2ms | Allocations: 1381)


  
ActiveRecord::RecordNotFound (Couldn't find Post with 'id'=233):
  
app/controllers/posts_controller.rb:39:in `find_post'
Started GET "/postdvdv" for ::1 at 2019-11-11 17:49:41 -0500
  
ActionController::RoutingError (No route matches [GET] "/postdvdv"):
  
actionpack (6.0.1) lib/action_dispatch/middleware/debug_exceptions.rb:36:in `call'
web-console (4.0.1) lib/web_console/middleware.rb:132:in `call_app'
web-console (4.0.1) lib/web_console/middleware.rb:28:in `block in call'
web-console (4.0.1) lib/web_console/middleware.rb:17:in `catch'
web-console (4.0.1) lib/web_console/middleware.rb:17:in `call'
actionpack (6.0.1) lib/action_dispatch/middleware/show_exceptions.rb:33:in `call'
railties (6.0.1) lib/rails/rack/logger.rb:38:in `call_app'
railties (6.0.1) lib/rails/rack/logger.rb:26:in `block in call'
activesupport (6.0.1) lib/active_support/tagged_logging.rb:80:in `block in tagged'
activesupport (6.0.1) lib/active_support/tagged_logging.rb:28:in `tagged'
activesupport (6.0.1) lib/active_support/tagged_logging.rb:80:in `tagged'
railties (6.0.1) lib/rails/rack/logger.rb:26:in `call'
sprockets-rails (3.2.1) lib/sprockets/rails/quiet_assets.rb:13:in `call'
actionpack (6.0.1) lib/action_dispatch/middleware/remote_ip.rb:81:in `call'
actionpack (6.0.1) lib/action_dispatch/middleware/request_id.rb:27:in `call'
rack (2.0.7) lib/rack/method_override.rb:22:in `call'
rack (2.0.7) lib/rack/runtime.rb:22:in `call'
activesupport (6.0.1) lib/active_support/cache/strategy/local_cache_middleware.rb:29:in `call'
actionpack (6.0.1) lib/action_dispatch/middleware/executor.rb:14:in `call'
actionpack (6.0.1) lib/action_dispatch/middleware/static.rb:126:in `call'
rack (2.0.7) lib/rack/sendfile.rb:111:in `call'
actionpack (6.0.1) lib/action_dispatch/middleware/host_authorization.rb:83:in `call'
webpacker (4.0.7) lib/webpacker/dev_server_proxy.rb:29:in `perform_request'
rack-proxy (0.6.5) lib/rack/proxy.rb:57:in `call'
railties (6.0.1) lib/rails/engine.rb:526:in `call'
puma (4.3.0) lib/puma/configuration.rb:228:in `call'
puma (4.3.0) lib/puma/server.rb:667:in `handle_request'
puma (4.3.0) lib/puma/server.rb:470:in `process_client'
puma (4.3.0) lib/puma/server.rb:328:in `block in run'
puma (4.3.0) lib/puma/thread_pool.rb:134:in `block in spawn_thread'
Started GET "/post.1" for ::1 at 2019-11-11 17:51:42 -0500
  
ActionController::RoutingError (No route matches [GET] "/post.1"):
  
actionpack (6.0.1) lib/action_dispatch/middleware/debug_exceptions.rb:36:in `call'
web-console (4.0.1) lib/web_console/middleware.rb:132:in `call_app'
web-console (4.0.1) lib/web_console/middleware.rb:28:in `block in call'
web-console (4.0.1) lib/web_console/middleware.rb:17:in `catch'
web-console (4.0.1) lib/web_console/middleware.rb:17:in `call'
actionpack (6.0.1) lib/action_dispatch/middleware/show_exceptions.rb:33:in `call'
railties (6.0.1) lib/rails/rack/logger.rb:38:in `call_app'
railties (6.0.1) lib/rails/rack/logger.rb:26:in `block in call'
activesupport (6.0.1) lib/active_support/tagged_logging.rb:80:in `block in tagged'
activesupport (6.0.1) lib/active_support/tagged_logging.rb:28:in `tagged'
activesupport (6.0.1) lib/active_support/tagged_logging.rb:80:in `tagged'
railties (6.0.1) lib/rails/rack/logger.rb:26:in `call'
sprockets-rails (3.2.1) lib/sprockets/rails/quiet_assets.rb:13:in `call'
actionpack (6.0.1) lib/action_dispatch/middleware/remote_ip.rb:81:in `call'
actionpack (6.0.1) lib/action_dispatch/middleware/request_id.rb:27:in `call'
rack (2.0.7) lib/rack/method_override.rb:22:in `call'
rack (2.0.7) lib/rack/runtime.rb:22:in `call'
activesupport (6.0.1) lib/active_support/cache/strategy/local_cache_middleware.rb:29:in `call'
actionpack (6.0.1) lib/action_dispatch/middleware/executor.rb:14:in `call'
actionpack (6.0.1) lib/action_dispatch/middleware/static.rb:126:in `call'
rack (2.0.7) lib/rack/sendfile.rb:111:in `call'
actionpack (6.0.1) lib/action_dispatch/middleware/host_authorization.rb:83:in `call'
webpacker (4.0.7) lib/webpacker/dev_server_proxy.rb:29:in `perform_request'
rack-proxy (0.6.5) lib/rack/proxy.rb:57:in `call'
railties (6.0.1) lib/rails/engine.rb:526:in `call'
puma (4.3.0) lib/puma/configuration.rb:228:in `call'
puma (4.3.0) lib/puma/server.rb:667:in `handle_request'
puma (4.3.0) lib/puma/server.rb:470:in `process_client'
puma (4.3.0) lib/puma/server.rb:328:in `block in run'
puma (4.3.0) lib/puma/thread_pool.rb:134:in `block in spawn_thread'
Started GET "/posts/1" for ::1 at 2019-11-11 17:51:46 -0500
Processing by PostsController#show as HTML
  Parameters: {"id"=>"1"}
  [1m[36mPost Load (0.2ms)[0m  [1m[34mSELECT "posts".* FROM "posts" WHERE "posts"."id" = ? LIMIT ?[0m  [["id", 1], ["LIMIT", 1]]
  ↳ app/controllers/posts_controller.rb:39:in `find_post'
  Rendering posts/show.html.erb within layouts/application
  Rendered posts/show.html.erb within layouts/application (Duration: 1.4ms | Allocations: 344)
Completed 200 OK in 24ms (Views: 21.1ms | ActiveRecord: 0.2ms | Allocations: 6239)


Started GET "/posts/1" for ::1 at 2019-11-11 17:51:54 -0500
Processing by PostsController#show as HTML
  Parameters: {"id"=>"1"}
  [1m[36mPost Load (0.2ms)[0m  [1m[34mSELECT "posts".* FROM "posts" WHERE "posts"."id" = ? LIMIT ?[0m  [["id", 1], ["LIMIT", 1]]
  ↳ app/controllers/posts_controller.rb:39:in `find_post'
  Rendering posts/show.html.erb within layouts/application
  Rendered posts/show.html.erb within layouts/application (Duration: 2.5ms | Allocations: 344)
Completed 200 OK in 33ms (Views: 26.6ms | ActiveRecord: 0.2ms | Allocations: 6238)


Started GET "/posts/1" for ::1 at 2019-11-11 17:52:02 -0500
Processing by PostsController#show as HTML
  Parameters: {"id"=>"1"}
  [1m[36mPost Load (0.2ms)[0m  [1m[34mSELECT "posts".* FROM "posts" WHERE "posts"."id" = ? LIMIT ?[0m  [["id", 1], ["LIMIT", 1]]
  ↳ app/controllers/posts_controller.rb:39:in `find_post'
  Rendering posts/show.html.erb within layouts/application
  Rendered posts/show.html.erb within layouts/application (Duration: 1.6ms | Allocations: 346)
Completed 200 OK in 25ms (Views: 21.6ms | ActiveRecord: 0.2ms | Allocations: 6232)


Started DELETE "/posts/1" for ::1 at 2019-11-11 17:52:17 -0500
Processing by PostsController#destroy as HTML
  Parameters: {"authenticity_token"=>"RsaH56+NMbSGBTByS9OBZ6dvm+nCy6qQ4WxIB/BK3JPpbidv3pcUmGJsQkDhR8r0ANk80QqgURx7vHKxm/YFHA==", "commit"=>"DELETE", "id"=>"1"}
  [1m[36mPost Load (0.2ms)[0m  [1m[34mSELECT "posts".* FROM "posts" WHERE "posts"."id" = ? LIMIT ?[0m  [["id", 1], ["LIMIT", 1]]
  ↳ app/controllers/posts_controller.rb:39:in `find_post'
  [1m[36mUser Load (0.2ms)[0m  [1m[34mSELECT "users".* FROM "users" WHERE "users"."id" = ? LIMIT ?[0m  [["id", 1], ["LIMIT", 1]]
  ↳ app/controllers/posts_controller.rb:27:in `destroy'
  [1m[35m (0.1ms)[0m  [1m[36mbegin transaction[0m
  ↳ app/controllers/posts_controller.rb:28:in `destroy'
  [1m[36mPost Destroy (10.1ms)[0m  [1m[31mDELETE FROM "posts" WHERE "posts"."id" = ?[0m  [["id", 1]]
  ↳ app/controllers/posts_controller.rb:28:in `destroy'
  [1m[35m (3.7ms)[0m  [1m[36mcommit transaction[0m
  ↳ app/controllers/posts_controller.rb:28:in `destroy'
Redirected to http://localhost:3000/users/1
Completed 302 Found in 25ms (ActiveRecord: 14.4ms | Allocations: 3470)


Started GET "/users/1" for ::1 at 2019-11-11 17:52:17 -0500
Processing by UsersController#show as HTML
  Parameters: {"id"=>"1"}
  Rendering users/show.html.erb within layouts/application
  Rendered users/show.html.erb within layouts/application (Duration: 0.3ms | Allocations: 76)
Completed 200 OK in 14ms (Views: 12.9ms | ActiveRecord: 0.0ms | Allocations: 4940)


Started GET "/users" for ::1 at 2019-11-11 17:52:29 -0500
  
AbstractController::ActionNotFound (The action 'index' could not be found for UsersController):
  
actionpack (6.0.1) lib/abstract_controller/base.rb:131:in `process'
actionview (6.0.1) lib/action_view/rendering.rb:39:in `process'
actionpack (6.0.1) lib/action_controller/metal.rb:191:in `dispatch'
actionpack (6.0.1) lib/action_controller/metal.rb:252:in `dispatch'
actionpack (6.0.1) lib/action_dispatch/routing/route_set.rb:51:in `dispatch'
actionpack (6.0.1) lib/action_dispatch/routing/route_set.rb:33:in `serve'
actionpack (6.0.1) lib/action_dispatch/journey/router.rb:49:in `block in serve'
actionpack (6.0.1) lib/action_dispatch/journey/router.rb:32:in `each'
actionpack (6.0.1) lib/action_dispatch/journey/router.rb:32:in `serve'
actionpack (6.0.1) lib/action_dispatch/routing/route_set.rb:837:in `call'
rack (2.0.7) lib/rack/tempfile_reaper.rb:15:in `call'
rack (2.0.7) lib/rack/etag.rb:25:in `call'
rack (2.0.7) lib/rack/conditional_get.rb:25:in `call'
rack (2.0.7) lib/rack/head.rb:12:in `call'
actionpack (6.0.1) lib/action_dispatch/http/content_security_policy.rb:18:in `call'
rack (2.0.7) lib/rack/session/abstract/id.rb:232:in `context'
rack (2.0.7) lib/rack/session/abstract/id.rb:226:in `call'
actionpack (6.0.1) lib/action_dispatch/middleware/cookies.rb:648:in `call'
activerecord (6.0.1) lib/active_record/migration.rb:567:in `call'
actionpack (6.0.1) lib/action_dispatch/middleware/callbacks.rb:27:in `block in call'
activesupport (6.0.1) lib/active_support/callbacks.rb:101:in `run_callbacks'
actionpack (6.0.1) lib/action_dispatch/middleware/callbacks.rb:26:in `call'
actionpack (6.0.1) lib/action_dispatch/middleware/executor.rb:14:in `call'
actionpack (6.0.1) lib/action_dispatch/middleware/actionable_exceptions.rb:17:in `call'
actionpack (6.0.1) lib/action_dispatch/middleware/debug_exceptions.rb:32:in `call'
web-console (4.0.1) lib/web_console/middleware.rb:132:in `call_app'
web-console (4.0.1) lib/web_console/middleware.rb:28:in `block in call'
web-console (4.0.1) lib/web_console/middleware.rb:17:in `catch'
web-console (4.0.1) lib/web_console/middleware.rb:17:in `call'
actionpack (6.0.1) lib/action_dispatch/middleware/show_exceptions.rb:33:in `call'
railties (6.0.1) lib/rails/rack/logger.rb:38:in `call_app'
railties (6.0.1) lib/rails/rack/logger.rb:26:in `block in call'
activesupport (6.0.1) lib/active_support/tagged_logging.rb:80:in `block in tagged'
activesupport (6.0.1) lib/active_support/tagged_logging.rb:28:in `tagged'
activesupport (6.0.1) lib/active_support/tagged_logging.rb:80:in `tagged'
railties (6.0.1) lib/rails/rack/logger.rb:26:in `call'
sprockets-rails (3.2.1) lib/sprockets/rails/quiet_assets.rb:13:in `call'
actionpack (6.0.1) lib/action_dispatch/middleware/remote_ip.rb:81:in `call'
actionpack (6.0.1) lib/action_dispatch/middleware/request_id.rb:27:in `call'
rack (2.0.7) lib/rack/method_override.rb:22:in `call'
rack (2.0.7) lib/rack/runtime.rb:22:in `call'
activesupport (6.0.1) lib/active_support/cache/strategy/local_cache_middleware.rb:29:in `call'
actionpack (6.0.1) lib/action_dispatch/middleware/executor.rb:14:in `call'
actionpack (6.0.1) lib/action_dispatch/middleware/static.rb:126:in `call'
rack (2.0.7) lib/rack/sendfile.rb:111:in `call'
actionpack (6.0.1) lib/action_dispatch/middleware/host_authorization.rb:83:in `call'
webpacker (4.0.7) lib/webpacker/dev_server_proxy.rb:29:in `perform_request'
rack-proxy (0.6.5) lib/rack/proxy.rb:57:in `call'
railties (6.0.1) lib/rails/engine.rb:526:in `call'
puma (4.3.0) lib/puma/configuration.rb:228:in `call'
puma (4.3.0) lib/puma/server.rb:667:in `handle_request'
puma (4.3.0) lib/puma/server.rb:470:in `process_client'
puma (4.3.0) lib/puma/server.rb:328:in `block in run'
puma (4.3.0) lib/puma/thread_pool.rb:134:in `block in spawn_thread'
Started GET "/posts/new" for ::1 at 2019-11-11 17:52:31 -0500
Processing by PostsController#new as HTML
  Rendering posts/new.html.erb within layouts/application
  [1m[36mUser Load (0.2ms)[0m  [1m[34mSELECT "users".* FROM "users"[0m
  ↳ app/views/posts/_form.html.erb:2
  Rendered posts/_form.html.erb (Duration: 3.7ms | Allocations: 1439)
  Rendered posts/new.html.erb within layouts/application (Duration: 5.2ms | Allocations: 1734)
Completed 200 OK in 17ms (Views: 15.1ms | ActiveRecord: 0.2ms | Allocations: 6262)


Started GET "/posts/1" for ::1 at 2019-11-11 17:52:32 -0500
Processing by PostsController#show as HTML
  Parameters: {"id"=>"1"}
  [1m[36mPost Load (0.1ms)[0m  [1m[34mSELECT "posts".* FROM "posts" WHERE "posts"."id" = ? LIMIT ?[0m  [["id", 1], ["LIMIT", 1]]
  ↳ app/controllers/posts_controller.rb:39:in `find_post'
Completed 404 Not Found in 2ms (ActiveRecord: 0.1ms | Allocations: 1371)


  
ActiveRecord::RecordNotFound (Couldn't find Post with 'id'=1):
  
app/controllers/posts_controller.rb:39:in `find_post'
